<?xml version="1.0" encoding="UTF-8"?>
<!-- Generated by org.testng.reporters.JUnitReportReporter -->
<testsuite hostname="DESKTOP-AALL9QS" name="practice.Sample1" tests="1" failures="0" timestamp="30 Jul 2020 07:07:23 GMT" time="0.000" errors="0">
  <testcase name="test3" time="0.000" classname="practice.Sample1"/>
</testsuite> <!-- practice.Sample1 -->
