<?xml version="1.0" encoding="UTF-8"?>
<!-- Generated by org.testng.reporters.JUnitReportReporter -->
<testsuite hostname="DESKTOP-AALL9QS" name="testscript.Testlogin" tests="1" failures="0" timestamp="31 Jul 2020 07:16:54 GMT" time="8.286" errors="0">
  <testcase name="login" time="8.286" classname="testscript.Testlogin"/>
</testsuite> <!-- testscript.Testlogin -->
